2024-08-26T14:06:45.156Z - File upload started
2024-08-26T14:06:47.021Z - File upload started
2024-08-26T14:08:01.529Z - File upload started
2024-08-26T14:08:03.631Z - File upload started
2024-08-26T14:08:21.385Z - File upload started
2024-08-26T14:08:54.500Z - File upload started
2024-08-26T14:08:54.501Z - File upload ended successfully
2024-08-26T14:09:09.407Z - File upload started
2024-08-26T14:09:09.408Z - File upload ended successfully
2024-08-26T14:10:01.487Z - File upload started
2024-08-26T14:10:01.488Z - File upload ended successfully
2024-08-26T14:11:09.656Z - File upload started
2024-08-26T14:11:09.658Z - File upload ended successfully
2024-08-26T14:11:50.689Z - File upload started
2024-08-26T14:11:50.692Z - File upload ended successfully
2024-08-26T14:17:23.796Z - File upload started
2024-08-26T14:17:23.798Z - File upload ended successfully
2024-08-26T14:18:40.867Z - File upload started
2024-08-26T14:18:40.869Z - File upload ended successfully
2024-08-26T14:19:00.440Z - File upload started
2024-08-26T14:19:00.441Z - File upload ended successfully
2024-08-26T14:21:22.386Z - File upload started
2024-08-26T14:21:22.389Z - File upload ended successfully
2024-08-26T14:21:23.991Z - File upload started
2024-08-26T14:21:23.992Z - File upload ended successfully
2024-08-26T14:22:48.859Z - File upload started
2024-08-26T14:22:48.861Z - File upload ended successfully
2024-08-26T14:23:58.510Z - File upload started
2024-08-26T14:23:58.511Z - File upload ended successfully
2024-08-26T14:23:58.572Z - File upload started
2024-08-26T14:23:58.573Z - File upload ended successfully
2024-08-26T14:24:12.401Z - File upload started
2024-08-26T14:24:12.401Z - File upload ended successfully
2024-08-26T14:24:12.433Z - File upload started
2024-08-26T14:24:12.434Z - File upload ended successfully
2024-08-26T14:24:12.437Z - File upload started
2024-08-26T14:24:12.438Z - File upload ended successfully
2024-08-26T14:25:47.658Z - File upload started
2024-08-26T14:25:47.661Z - File upload ended successfully
2024-08-26T14:25:47.661Z - File upload failed: Video not found on server
2024-08-26T14:25:49.708Z - File upload started
2024-08-26T14:25:49.709Z - File upload ended successfully
2024-08-26T14:25:49.709Z - File upload failed: Video not found on server
2024-08-26T14:31:09.378Z - File upload started
2024-08-26T14:31:19.891Z - File upload started
2024-08-26T14:38:40.509Z - File upload started
2024-08-26T14:39:09.359Z - File upload started
2024-08-26T14:39:09.360Z - File upload ended successfully
2024-08-26T14:39:09.399Z - File upload started
2024-08-26T14:39:09.399Z - File upload ended successfully
2024-08-26T21:59:53.309Z - File upload started
2024-08-26T22:00:15.644Z - File upload started
2024-08-26T22:00:15.648Z - File upload ended successfully
2024-08-26T22:00:55.413Z - File upload started
2024-08-26T22:00:55.414Z - File upload ended successfully
2024-08-26T22:05:09.125Z - File upload started
2024-08-26T22:05:09.142Z - File upload ended successfully
2024-08-27T09:08:21.776Z - File upload started
2024-08-27T09:08:21.796Z - File upload ended successfully
2024-08-27T09:08:48.878Z - File upload started
2024-08-27T09:08:48.884Z - File upload ended successfully
2024-08-27T09:09:04.373Z - File upload started
2024-08-27T09:09:04.377Z - File upload ended successfully
2024-08-27T09:09:11.281Z - File upload started
2024-08-27T09:09:11.282Z - File upload failed: video not found in database
2024-08-27T09:09:22.296Z - File upload started
2024-08-27T09:09:22.300Z - File upload failed: Product not found
2024-08-27T09:10:01.498Z - File upload started
2024-08-27T09:10:01.500Z - File upload failed: Product not found
2024-08-27T09:10:20.696Z - File upload started
2024-08-27T09:10:20.699Z - File upload ended successfully
